Using pre-set license
Built from '2020.3/staging' branch; Version is '2020.3.30f1 (1fb1bf06830e) revision 2077119'; Using compiler version '192528614'; Build Type 'Release'
OS: 'Windows 10  (10.0.19042) 64bit Professional' Language: 'ru' Physical Memory: 65475 MB
BatchMode: 1, IsHumanControllingUs: 0, StartBugReporterOnCrash: 0, Is64bit: 1, IsPro: 0

COMMAND LINE ARGUMENTS:
H:\Program Files\Unity\2020.3.30f1\Editor\Unity.exe
-adb2
-batchMode
-noUpm
-name
AssetImportWorker0
-projectPath
C:/Users/VR/Desktop/qwerty25/My project
-logFile
Logs/AssetImportWorker0.log
-srvPort
63160
Successfully changed project path to: C:/Users/VR/Desktop/qwerty25/My project
C:/Users/VR/Desktop/qwerty25/My project
Using Asset Import Pipeline V2.
Refreshing native plugins compatible for Editor in 27.64 ms, found 2 plugins.
Preloading 0 native plugins for Editor in 0.00 ms.
Initialize engine version: 2020.3.30f1 (1fb1bf06830e)
[Subsystems] Discovering subsystems at path H:/Program Files/Unity/2020.3.30f1/Editor/Data/Resources/UnitySubsystems
[Subsystems] Discovering subsystems at path C:/Users/VR/Desktop/qwerty25/My project/Assets
GfxDevice: creating device client; threaded=0
Direct3D:
    Version:  Direct3D 11.0 [level 11.1]
    Renderer: NVIDIA GeForce GTX 1060 6GB (ID=0x1c03)
    Vendor:   
    VRAM:     6052 MB
    Driver:   30.0.15.1179
Initialize mono
Mono path[0] = 'H:/Program Files/Unity/2020.3.30f1/Editor/Data/Managed'
Mono path[1] = 'H:/Program Files/Unity/2020.3.30f1/Editor/Data/MonoBleedingEdge/lib/mono/unityjit'
Mono config path = 'H:/Program Files/Unity/2020.3.30f1/Editor/Data/MonoBleedingEdge/etc'
Using monoOptions --debugger-agent=transport=dt_socket,embedding=1,server=y,suspend=n,address=127.0.0.1:56788
Begin MonoManager ReloadAssembly
Registering precompiled unity dll's ...
Register platform support module: H:/Program Files/Unity/2020.3.30f1/Editor/Data/PlaybackEngines/WebGLSupport/UnityEditor.WebGL.Extensions.dll
Register platform support module: H:/Program Files/Unity/2020.3.30f1/Editor/Data/PlaybackEngines/WindowsStandaloneSupport/UnityEditor.WindowsStandalone.Extensions.dll
Registered in 0.001196 seconds.
Native extension for WindowsStandalone target not found
Native extension for WebGL target not found
Refreshing native plugins compatible for Editor in 28.23 ms, found 2 plugins.
Preloading 0 native plugins for Editor in 0.00 ms.
Mono: successfully reloaded assembly
- Completed reload, in  0.670 seconds
Domain Reload Profiling:
	ReloadAssembly (670ms)
		BeginReloadAssembly (52ms)
			ExecutionOrderSort (0ms)
			DisableScriptedObjects (0ms)
			BackupInstance (0ms)
			ReleaseScriptingObjects (0ms)
			CreateAndSetChildDomain (1ms)
		EndReloadAssembly (559ms)
			LoadAssemblies (52ms)
			RebuildTransferFunctionScriptingTraits (0ms)
			SetupTypeCache (155ms)
			ReleaseScriptCaches (0ms)
			RebuildScriptCaches (72ms)
			SetupLoadedEditorAssemblies (144ms)
				LogAssemblyErrors (0ms)
				InitializePlatformSupportModulesInManaged (6ms)
				SetLoadedEditorAssemblies (0ms)
				RefreshPlugins (28ms)
				BeforeProcessingInitializeOnLoad (8ms)
				ProcessInitializeOnLoadAttributes (74ms)
				ProcessInitializeOnLoadMethodAttributes (28ms)
				AfterProcessingInitializeOnLoad (0ms)
				EditorAssembliesLoaded (0ms)
			ExecutionOrderSort2 (0ms)
			AwakeInstancesAfterBackupRestoration (0ms)
Platform modules already initialized, skipping
Registering precompiled user dll's ...
Registered in 0.002794 seconds.
Begin MonoManager ReloadAssembly
Native extension for WindowsStandalone target not found
Native extension for WebGL target not found
Refreshing native plugins compatible for Editor in 0.28 ms, found 2 plugins.
Preloading 0 native plugins for Editor in 0.00 ms.
Mono: successfully reloaded assembly
- Completed reload, in  0.927 seconds
Domain Reload Profiling:
	ReloadAssembly (928ms)
		BeginReloadAssembly (140ms)
			ExecutionOrderSort (0ms)
			DisableScriptedObjects (4ms)
			BackupInstance (0ms)
			ReleaseScriptingObjects (0ms)
			CreateAndSetChildDomain (19ms)
		EndReloadAssembly (734ms)
			LoadAssemblies (82ms)
			RebuildTransferFunctionScriptingTraits (0ms)
			SetupTypeCache (264ms)
			ReleaseScriptCaches (0ms)
			RebuildScriptCaches (40ms)
			SetupLoadedEditorAssemblies (273ms)
				LogAssemblyErrors (0ms)
				InitializePlatformSupportModulesInManaged (5ms)
				SetLoadedEditorAssemblies (0ms)
				RefreshPlugins (0ms)
				BeforeProcessingInitializeOnLoad (43ms)
				ProcessInitializeOnLoadAttributes (215ms)
				ProcessInitializeOnLoadMethodAttributes (7ms)
				AfterProcessingInitializeOnLoad (2ms)
				EditorAssembliesLoaded (0ms)
			ExecutionOrderSort2 (0ms)
			AwakeInstancesAfterBackupRestoration (5ms)
Platform modules already initialized, skipping
========================================================================
Worker process is ready to serve import requests
Launched and connected shader compiler UnityShaderCompiler.exe after 0.08 seconds
Refreshing native plugins compatible for Editor in 0.55 ms, found 2 plugins.
Preloading 0 native plugins for Editor in 0.00 ms.
Unloading 1502 Unused Serialized files (Serialized files now loaded: 0)
System memory in use before: 67.6 MB.
System memory in use after: 67.7 MB.

Unloading 16 unused Assets to reduce memory usage. Loaded Objects now: 1937.
Total: 3.467300 ms (FindLiveObjects: 0.165400 ms CreateObjectMapping: 0.064300 ms MarkObjects: 3.160500 ms  DeleteObjects: 0.076100 ms)

AssetImportParameters requested are different than current active one (requested -> active):
  custom:framework-win-MediaFoundation: 216162199b28c13a410421893ffa2e32 -> 
  custom:video-decoder-ogg-theora: a1e56fd34408186e4bbccfd4996cb3dc -> 
  custom:container-muxer-webm: aa71ff27fc2769a1b78a27578f13a17b -> 
  custom:container-demuxer-webm: 4f35f7cbe854078d1ac9338744f61a02 -> 
  custom:container-demuxer-ogg: 62fdf1f143b41e24485cea50d1cbac27 -> 
  custom:video-encoder-webm-vp8: eb34c28f22e8b96e1ab97ce403110664 -> 
  custom:video-decoder-webm-vp8: 9c59270c3fd7afecdb556c50c9e8de78 -> 
  custom:audio-decoder-ogg-vorbis: bf7c407c2cedff20999df2af8eb42d56 -> 
  custom:audio-encoder-webm-vorbis: bf7c407c2cedff20999df2af8eb42d56 -> 
========================================================================
Received Import Request.
  path: Assets/Scenes
  artifactKey: Guid(1fc25d41ed1114249896396bd24513b0) Importer(815301076,1909f56bfc062723c751e8b465ee728b)
Start importing Assets/Scenes using Guid(1fc25d41ed1114249896396bd24513b0) Importer(815301076,1909f56bfc062723c751e8b465ee728b)  -> (artifact id: 'd7c6eefdd31e850dbec7075716550cd6') in 0.008824 seconds 
========================================================================
Received Import Request.
  Time since last request: 23.224470 seconds.
  path: Assets/Scenes/MainMenu.unity
  artifactKey: Guid(3c4537ba00fcb4343b626d41c42a9b8f) Importer(815301076,1909f56bfc062723c751e8b465ee728b)
Start importing Assets/Scenes/MainMenu.unity using Guid(3c4537ba00fcb4343b626d41c42a9b8f) Importer(815301076,1909f56bfc062723c751e8b465ee728b)  -> (artifact id: '2519ea992cbf9a77a534aa02bcf16bdc') in 0.019859 seconds 
========================================================================
Received Import Request.
  Time since last request: 4.302534 seconds.
  path: Assets/Scenes/SampleScene.unity
  artifactKey: Guid(9fc0d4010bbf28b4594072e72b8655ab) Importer(815301076,1909f56bfc062723c751e8b465ee728b)
Start importing Assets/Scenes/SampleScene.unity using Guid(9fc0d4010bbf28b4594072e72b8655ab) Importer(815301076,1909f56bfc062723c751e8b465ee728b)  -> (artifact id: '85059f4f9e1a832ed95adaa0d25c5c4c') in 0.005924 seconds 
========================================================================
Received Import Request.
  Time since last request: 22.274039 seconds.
  path: Assets/Scenes/Characters.unity
  artifactKey: Guid(9fc0d4010bbf28b4594072e72b8655ab) Importer(815301076,1909f56bfc062723c751e8b465ee728b)
Start importing Assets/Scenes/Characters.unity using Guid(9fc0d4010bbf28b4594072e72b8655ab) Importer(815301076,1909f56bfc062723c751e8b465ee728b)  -> (artifact id: '54dd9804b56facbcdcaeba4c251d59ce') in 0.005562 seconds 
========================================================================
Received Import Request.
  Time since last request: 9.904122 seconds.
  path: Assets/Scenes/Level 1.unity
  artifactKey: Guid(d95ebfbc907e8c5418c141c61fd743c1) Importer(815301076,1909f56bfc062723c751e8b465ee728b)
Start importing Assets/Scenes/Level 1.unity using Guid(d95ebfbc907e8c5418c141c61fd743c1) Importer(815301076,1909f56bfc062723c751e8b465ee728b)  -> (artifact id: 'd0723e7d937893e609b7f711f04a82b3') in 0.005702 seconds 
========================================================================
Received Import Request.
  Time since last request: 128.013215 seconds.
  path: Assets/Scenes/DiFFICULTY.unity
  artifactKey: Guid(54b150b6f2389d24cb82b2f69285eb32) Importer(815301076,1909f56bfc062723c751e8b465ee728b)
Start importing Assets/Scenes/DiFFICULTY.unity using Guid(54b150b6f2389d24cb82b2f69285eb32) Importer(815301076,1909f56bfc062723c751e8b465ee728b)  -> (artifact id: 'e396dd913fa775970d44451c7196829d') in 0.006637 seconds 
========================================================================
Received Import Request.
  Time since last request: 13.103273 seconds.
  path: Assets/Scenes/difficulty.unity
  artifactKey: Guid(54b150b6f2389d24cb82b2f69285eb32) Importer(815301076,1909f56bfc062723c751e8b465ee728b)
Start importing Assets/Scenes/difficulty.unity using Guid(54b150b6f2389d24cb82b2f69285eb32) Importer(815301076,1909f56bfc062723c751e8b465ee728b)  -> (artifact id: 'b64170ea92f43b2fa47a6f652b3b0a80') in 0.005775 seconds 
========================================================================
Received Import Request.
  Time since last request: 184.088163 seconds.
  path: Assets/_j9U-alod8w.jpg
  artifactKey: Guid(7c672e1148b3c4f4f8920a9fb7fafee4) Importer(815301076,1909f56bfc062723c751e8b465ee728b)
Start importing Assets/_j9U-alod8w.jpg using Guid(7c672e1148b3c4f4f8920a9fb7fafee4) Importer(815301076,1909f56bfc062723c751e8b465ee728b)  -> (artifact id: '4cd87fd4b6832b2c44910c07c5f76064') in 0.112774 seconds 
========================================================================
Received Import Request.
  Time since last request: 0.000261 seconds.
  path: Assets/yfy8wlTK2Xw.jpg
  artifactKey: Guid(1039f77553f2c5342bb99d8d1336015b) Importer(815301076,1909f56bfc062723c751e8b465ee728b)
Start importing Assets/yfy8wlTK2Xw.jpg using Guid(1039f77553f2c5342bb99d8d1336015b) Importer(815301076,1909f56bfc062723c751e8b465ee728b)  -> (artifact id: 'ebca304884865500c3a66531f243bd1d') in 0.013209 seconds 
========================================================================
Received Import Request.
  Time since last request: 0.000219 seconds.
  path: Assets/cS77zaSnyb8.jpg
  artifactKey: Guid(98a8cb49a87fc0c4da6e4660701b1a37) Importer(815301076,1909f56bfc062723c751e8b465ee728b)
Start importing Assets/cS77zaSnyb8.jpg using Guid(98a8cb49a87fc0c4da6e4660701b1a37) Importer(815301076,1909f56bfc062723c751e8b465ee728b)  -> (artifact id: '3c74083902321c1a15049fca52ee4dd5') in 0.011853 seconds 
========================================================================
Received Import Request.
  Time since last request: 0.000210 seconds.
  path: Assets/LKpmQ3kF98Q.jpg
  artifactKey: Guid(6373d7e82b1a1e64ca8530321f9f7b3b) Importer(815301076,1909f56bfc062723c751e8b465ee728b)
Start importing Assets/LKpmQ3kF98Q.jpg using Guid(6373d7e82b1a1e64ca8530321f9f7b3b) Importer(815301076,1909f56bfc062723c751e8b465ee728b)  -> (artifact id: 'c91e790757ae66ad1b68aa0333930401') in 0.021637 seconds 
========================================================================
Received Import Request.
  Time since last request: 432.028296 seconds.
  path: Assets/_j9U-alod8w.jpg
  artifactKey: Guid(7c672e1148b3c4f4f8920a9fb7fafee4) Importer(815301076,1909f56bfc062723c751e8b465ee728b)
Start importing Assets/_j9U-alod8w.jpg using Guid(7c672e1148b3c4f4f8920a9fb7fafee4) Importer(815301076,1909f56bfc062723c751e8b465ee728b)  -> (artifact id: '920313de55d1d870c9d83f3b71116237') in 0.045078 seconds 
AssetImportWorkerClient::OnTransportError - code=2 error=End of file
